\BOOKMARK [0][-]{Doc-Start}{Title}{}% 1
\BOOKMARK [0][-]{Doc-Start}{Abstract}{}% 2
\BOOKMARK [0][-]{Doc-Start}{Acknowledgement}{}% 3
\BOOKMARK [0][-]{Doc-Start}{List of Figures}{}% 4
\BOOKMARK [0][-]{chapter*.1}{List of Tables}{}% 5
\BOOKMARK [0][-]{chapter.1}{Introduction}{}% 6
\BOOKMARK [1][-]{section.1.1}{Problem and Motivation}{chapter.1}% 7
\BOOKMARK [1][-]{section.1.2}{Objective}{chapter.1}% 8
\BOOKMARK [1][-]{section.1.3}{Contributions}{chapter.1}% 9
\BOOKMARK [0][-]{chapter.2}{Related work}{}% 10
\BOOKMARK [1][-]{section.2.1}{GGM Tree}{chapter.2}% 11
\BOOKMARK [2][-]{subsection.2.1.1}{GGM Construction}{section.2.1}% 12
\BOOKMARK [2][-]{subsection.2.1.2}{Evaluation}{section.2.1}% 13
\BOOKMARK [1][-]{section.2.2}{Attribute-Based Encryption}{chapter.2}% 14
\BOOKMARK [2][-]{subsection.2.2.1}{Ciphertext-Policy ABE}{section.2.2}% 15
\BOOKMARK [2][-]{subsection.2.2.2}{Key-Policy ABE}{section.2.2}% 16
\BOOKMARK [2][-]{subsection.2.2.3}{Realization of ABE}{section.2.2}% 17
\BOOKMARK [2][-]{subsection.2.2.4}{ABE Operations and Structures}{section.2.2}% 18
\BOOKMARK [2][-]{subsection.2.2.5}{Bilinear Map}{section.2.2}% 19
\BOOKMARK [2][-]{subsection.2.2.6}{Monotonic Access Schemes}{section.2.2}% 20
\BOOKMARK [2][-]{subsection.2.2.7}{Range Comparison}{section.2.2}% 21
\BOOKMARK [2][-]{subsection.2.2.8}{Evaluation}{section.2.2}% 22
\BOOKMARK [2][-]{subsection.2.2.9}{Multi-message Ciphertext Policy ABE}{section.2.2}% 23
\BOOKMARK [1][-]{section.2.3}{Multi-dimensional Range Query over Encrypted Data}{chapter.2}% 24
\BOOKMARK [2][-]{subsection.2.3.1}{MRQED for multiple dimensions}{section.2.3}% 25
\BOOKMARK [2][-]{subsection.2.3.2}{Evaluation}{section.2.3}% 26
\BOOKMARK [1][-]{section.2.4}{Key-Aggregate Cryptosystem}{chapter.2}% 27
\BOOKMARK [2][-]{subsection.2.4.1}{Realization of KAC}{section.2.4}% 28
\BOOKMARK [2][-]{subsection.2.4.2}{Key Extension}{section.2.4}% 29
\BOOKMARK [2][-]{subsection.2.4.3}{Evaluation}{section.2.4}% 30
\BOOKMARK [0][-]{chapter.3}{Security Model}{}% 31
\BOOKMARK [1][-]{section.3.1}{Entities}{chapter.3}% 32
\BOOKMARK [1][-]{section.3.2}{Interactions}{chapter.3}% 33
\BOOKMARK [1][-]{section.3.3}{Performance Requirements}{chapter.3}% 34
\BOOKMARK [1][-]{section.3.4}{Security Requirements}{chapter.3}% 35
\BOOKMARK [0][-]{chapter.4}{Preliminary Analysis}{}% 36
\BOOKMARK [1][-]{section.4.1}{Space Requirements}{chapter.4}% 37
\BOOKMARK [2][-]{subsection.4.1.1}{Meta-Key}{section.4.1}% 38
\BOOKMARK [2][-]{subsection.4.1.2}{KG \205 Private Storage}{section.4.1}% 39
\BOOKMARK [2][-]{subsection.4.1.3}{RC \205 Public Storage}{section.4.1}% 40
\BOOKMARK [1][-]{section.4.2}{Runtime}{chapter.4}% 41
\BOOKMARK [2][-]{subsection.4.2.1}{Setup}{section.4.2}% 42
\BOOKMARK [2][-]{subsection.4.2.2}{Encryption}{section.4.2}% 43
\BOOKMARK [2][-]{subsection.4.2.3}{Meta-key Generation}{section.4.2}% 44
\BOOKMARK [2][-]{subsection.4.2.4}{Decryption}{section.4.2}% 45
\BOOKMARK [1][-]{section.4.3}{Conclusion}{chapter.4}% 46
\BOOKMARK [0][-]{chapter.5}{Proposed System}{}% 47
\BOOKMARK [1][-]{section.5.1}{KAC-GGM Hybrid}{chapter.5}% 48
\BOOKMARK [2][-]{subsection.5.1.1}{Fixed Chunking}{section.5.1}% 49
\BOOKMARK [2][-]{subsection.5.1.2}{Variable Chunking}{section.5.1}% 50
\BOOKMARK [1][-]{section.5.2}{KAC Decryption Optimizations}{chapter.5}% 51
\BOOKMARK [2][-]{subsection.5.2.1}{Decryption under same KS}{section.5.2}% 52
\BOOKMARK [2][-]{subsection.5.2.2}{Optimization for varying frame rates}{section.5.2}% 53
\BOOKMARK [1][-]{section.5.3}{Homomorphic MAC}{chapter.5}% 54
\BOOKMARK [2][-]{subsection.5.3.1}{Verification Protocol}{section.5.3}% 55
\BOOKMARK [1][-]{section.5.4}{Provisioning for Layered Content}{chapter.5}% 56
\BOOKMARK [2][-]{subsection.5.4.1}{Layered Symmetric Encryption}{section.5.4}% 57
\BOOKMARK [0][-]{chapter.6}{Analysis}{}% 58
\BOOKMARK [1][-]{section.6.1}{KAC-GGM Hybrid}{chapter.6}% 59
\BOOKMARK [2][-]{subsection.6.1.1}{Fixed Chunking}{section.6.1}% 60
\BOOKMARK [2][-]{subsection.6.1.2}{Variable Chunking}{section.6.1}% 61
\BOOKMARK [1][-]{section.6.2}{KAC Decryption Optimization}{chapter.6}% 62
\BOOKMARK [1][-]{section.6.3}{Homomorphic MAC}{chapter.6}% 63
\BOOKMARK [2][-]{subsection.6.3.1}{Security}{section.6.3}% 64
\BOOKMARK [2][-]{subsection.6.3.2}{Efficiency}{section.6.3}% 65
\BOOKMARK [1][-]{section.6.4}{Layered Symmetric Encryption}{chapter.6}% 66
\BOOKMARK [1][-]{section.6.5}{Summary}{chapter.6}% 67
\BOOKMARK [2][-]{subsection.6.5.1}{Interactions}{section.6.5}% 68
\BOOKMARK [2][-]{subsection.6.5.2}{Performance Requirements}{section.6.5}% 69
\BOOKMARK [2][-]{subsection.6.5.3}{Security Requirements}{section.6.5}% 70
\BOOKMARK [0][-]{chapter.7}{Conclusion}{}% 71
\BOOKMARK [0][-]{chapter*.76}{References}{}% 72
